<?xml version="1.0" encoding="UTF-8"?>
<!-- Generated by org.testng.reporters.JUnitReportReporter -->
<testsuite hostname="LTIN292975" failures="0" tests="6" name="TestCases.TC_001_CarEmiValidation" time="2.745" errors="0" timestamp="2024-01-24T19:04:24 IST" skipped="0">
  <testcase classname="TestCases.TC_001_CarEmiValidation" name="clickOnCarLoanLink" time="0.329"/>
  <testcase classname="TestCases.TC_001_CarEmiValidation" name="setCarAmount" time="0.687"/>
  <testcase classname="TestCases.TC_001_CarEmiValidation" name="setInterestRate" time="0.753"/>
  <testcase classname="TestCases.TC_001_CarEmiValidation" name="setLoanTenure" time="0.716"/>
  <testcase classname="TestCases.TC_001_CarEmiValidation" name="clickOnyear" time="0.169"/>
  <testcase classname="TestCases.TC_001_CarEmiValidation" name="readData" time="0.091"/>
</testsuite> <!-- TestCases.TC_001_CarEmiValidation -->
