<?xml version="1.0" encoding="UTF-8"?>
<!-- Generated by org.testng.reporters.JUnitReportReporter -->
<testsuite hostname="LTIN292975" failures="0" tests="29" name="TestCases.EMICalculator" time="42.008" errors="0" timestamp="2024-02-01T09:29:01 IST" skipped="0">
  <testcase classname="TestCases.EMICalculator" name="clickOnCarLoanLink" time="0.335"/>
  <testcase classname="TestCases.EMICalculator" name="setCarAmount" time="0.767"/>
  <testcase classname="TestCases.EMICalculator" name="setInterestRate" time="0.767"/>
  <testcase classname="TestCases.EMICalculator" name="setLoanTenure" time="0.701"/>
  <testcase classname="TestCases.EMICalculator" name="clickOnyear" time="0.167"/>
  <testcase classname="TestCases.EMICalculator" name="readData" time="0.102"/>
  <testcase classname="TestCases.EMICalculator" name="calculatorsDropDownValidation" time="0.188"/>
  <testcase classname="TestCases.EMICalculator" name="homeLoanEmiCalculatorValidation" time="0.735"/>
  <testcase classname="TestCases.EMICalculator" name="validateHomeValueInputfield" time="3.441"/>
  <testcase classname="TestCases.EMICalculator" name="validateDownPaymentInputFieldInPercentage" time="3.363"/>
  <testcase classname="TestCases.EMICalculator" name="validateDownPaymentRupeesButton" time="0.198"/>
  <testcase classname="TestCases.EMICalculator" name="validateLoanInsuranceInputField" time="3.417"/>
  <testcase classname="TestCases.EMICalculator" name="validateInterestRateInputField" time="0.208"/>
  <testcase classname="TestCases.EMICalculator" name="validateLoanTenureInputField" time="0.306"/>
  <testcase classname="TestCases.EMICalculator" name="validateLoanTenureMonthsButton" time="0.168"/>
  <testcase classname="TestCases.EMICalculator" name="validateLoanChargesInputField" time="4.292"/>
  <testcase classname="TestCases.EMICalculator" name="validateLoanChargesRupeesButtonElement" time="0.112"/>
  <testcase classname="TestCases.EMICalculator" name="validateLoanStartMonthAndYearField" time="0.129"/>
  <testcase classname="TestCases.EMICalculator" name="validateLoanStartMonthAndYearInputField" time="0.620"/>
  <testcase classname="TestCases.EMICalculator" name="validateOneTimeExpensesInputField" time="0.149"/>
  <testcase classname="TestCases.EMICalculator" name="validateOneTimeExpensesRupeesButton" time="3.181"/>
  <testcase classname="TestCases.EMICalculator" name="validatePropertyTaxesPerYearInputField" time="0.146"/>
  <testcase classname="TestCases.EMICalculator" name="validatePropertyTaxesPerYearRupeesButton" time="3.383"/>
  <testcase classname="TestCases.EMICalculator" name="validateHomeInsurancePerYearInputField" time="0.272"/>
  <testcase classname="TestCases.EMICalculator" name="validateHomeInsurancePerYearRupeesButton" time="3.289"/>
  <testcase classname="TestCases.EMICalculator" name="validateMaintenanceExpensesPerMonthInputField" time="0.251"/>
  <testcase classname="TestCases.EMICalculator" name="printAllTheData" time="10.515"/>
  <testcase classname="TestCases.EMICalculator" name="calculatorsDropDownValidationFromHomeLoan" time="0.133"/>
  <testcase classname="TestCases.EMICalculator" name="emiCalculatorPageValidation" time="0.673"/>
</testsuite> <!-- TestCases.EMICalculator -->
