<?xml version="1.0" encoding="UTF-8"?>
<!-- Generated by org.testng.reporters.JUnitReportReporter -->
<testsuite hostname="LTIN292975" failures="0" tests="49" name="TestCases.LoanAmountCalculatorUICheck" time="56.285" errors="0" timestamp="2024-02-01T22:00:54 IST" skipped="0">
  <testcase classname="TestCases.LoanAmountCalculatorUICheck" name="clickOnCarLoanLink" time="0.293"/>
  <testcase classname="TestCases.LoanAmountCalculatorUICheck" name="setCarAmount" time="0.650"/>
  <testcase classname="TestCases.LoanAmountCalculatorUICheck" name="setInterestRate" time="0.684"/>
  <testcase classname="TestCases.LoanAmountCalculatorUICheck" name="setLoanTenure" time="0.634"/>
  <testcase classname="TestCases.LoanAmountCalculatorUICheck" name="clickOnyear" time="0.147"/>
  <testcase classname="TestCases.LoanAmountCalculatorUICheck" name="readData" time="0.098"/>
  <testcase classname="TestCases.LoanAmountCalculatorUICheck" name="calculatorsDropDownValidation" time="0.145"/>
  <testcase classname="TestCases.LoanAmountCalculatorUICheck" name="homeLoanEmiCalculatorValidation" time="7.205"/>
  <testcase classname="TestCases.LoanAmountCalculatorUICheck" name="validateHomeValueInputfield" time="3.330"/>
  <testcase classname="TestCases.LoanAmountCalculatorUICheck" name="validateDownPaymentInputFieldInPercentage" time="3.276"/>
  <testcase classname="TestCases.LoanAmountCalculatorUICheck" name="validateDownPaymentRupeesButton" time="0.136"/>
  <testcase classname="TestCases.LoanAmountCalculatorUICheck" name="validateLoanInsuranceInputField" time="3.239"/>
  <testcase classname="TestCases.LoanAmountCalculatorUICheck" name="validateInterestRateInputField" time="0.141"/>
  <testcase classname="TestCases.LoanAmountCalculatorUICheck" name="validateLoanTenureInputField" time="0.238"/>
  <testcase classname="TestCases.LoanAmountCalculatorUICheck" name="validateLoanTenureMonthsButton" time="0.135"/>
  <testcase classname="TestCases.LoanAmountCalculatorUICheck" name="validateLoanChargesInputField" time="4.195"/>
  <testcase classname="TestCases.LoanAmountCalculatorUICheck" name="validateLoanChargesRupeesButtonElement" time="0.091"/>
  <testcase classname="TestCases.LoanAmountCalculatorUICheck" name="validateLoanStartMonthAndYearField" time="0.104"/>
  <testcase classname="TestCases.LoanAmountCalculatorUICheck" name="validateLoanStartMonthAndYearInputField" time="0.580"/>
  <testcase classname="TestCases.LoanAmountCalculatorUICheck" name="validateOneTimeExpensesInputField" time="0.151"/>
  <testcase classname="TestCases.LoanAmountCalculatorUICheck" name="validateOneTimeExpensesRupeesButton" time="3.155"/>
  <testcase classname="TestCases.LoanAmountCalculatorUICheck" name="validatePropertyTaxesPerYearInputField" time="0.120"/>
  <testcase classname="TestCases.LoanAmountCalculatorUICheck" name="validatePropertyTaxesPerYearRupeesButton" time="3.216"/>
  <testcase classname="TestCases.LoanAmountCalculatorUICheck" name="validateHomeInsurancePerYearInputField" time="0.189"/>
  <testcase classname="TestCases.LoanAmountCalculatorUICheck" name="validateHomeInsurancePerYearRupeesButton" time="3.165"/>
  <testcase classname="TestCases.LoanAmountCalculatorUICheck" name="validateMaintenanceExpensesPerMonthInputField" time="0.140"/>
  <testcase classname="TestCases.LoanAmountCalculatorUICheck" name="printAllTheData" time="9.004"/>
  <testcase classname="TestCases.LoanAmountCalculatorUICheck" name="calculatorsDropDownValidationFromHomeLoan" time="0.121"/>
  <testcase classname="TestCases.LoanAmountCalculatorUICheck" name="emiCalculatorPageValidation" time="2.084"/>
  <testcase classname="TestCases.LoanAmountCalculatorUICheck" name="validateEmiCalculatorLink" time="0.033"/>
  <testcase classname="TestCases.LoanAmountCalculatorUICheck" name="verifyEmiCalculatorLoanAmountInputFieldPresence" time="0.030"/>
  <testcase classname="TestCases.LoanAmountCalculatorUICheck" name="validateEmiCalculatorLoanAmountInputFieldByPassingValue" time="0.407"/>
  <testcase classname="TestCases.LoanAmountCalculatorUICheck" name="verifyEmiCalculatorInterestRateInputFieldPresence" time="0.036"/>
  <testcase classname="TestCases.LoanAmountCalculatorUICheck" name="validateEmiCalculatorInterestRateInputFieldByPassingValue" time="0.326"/>
  <testcase classname="TestCases.LoanAmountCalculatorUICheck" name="verifyEmiCalculatorLoanTenureInputFieldPresence" time="0.033"/>
  <testcase classname="TestCases.LoanAmountCalculatorUICheck" name="validateEmiCalculatorLoanTenureInputFieldByPassingValue" time="0.304"/>
  <testcase classname="TestCases.LoanAmountCalculatorUICheck" name="validateEmiCallculatorLoanTenureMonthButton" time="3.293"/>
  <testcase classname="TestCases.LoanAmountCalculatorUICheck" name="verifyEmiCalculatorLoanChargesInputFieldPresence" time="0.027"/>
  <testcase classname="TestCases.LoanAmountCalculatorUICheck" name="validateEmiCalculatorLoanChargesInputFieldByPassingValue" time="0.296"/>
  <testcase classname="TestCases.LoanAmountCalculatorUICheck" name="validateLoanAmountCalculatorLink" time="0.181"/>
  <testcase classname="TestCases.LoanAmountCalculatorUICheck" name="verifyEmiInputFieldPresence" time="0.043"/>
  <testcase classname="TestCases.LoanAmountCalculatorUICheck" name="verifyEmiInputFieldByPassingValue" time="0.309"/>
  <testcase classname="TestCases.LoanAmountCalculatorUICheck" name="verifyLoanAmountInterestRateInputFieldPresence" time="0.027"/>
  <testcase classname="TestCases.LoanAmountCalculatorUICheck" name="validateLoanAmountInterestRateInputFieldByPassingValue" time="0.379"/>
  <testcase classname="TestCases.LoanAmountCalculatorUICheck" name="verifyLoanAmountTenureInputFieldPresence" time="0.027"/>
  <testcase classname="TestCases.LoanAmountCalculatorUICheck" name="validateLoanAmountTenureInputFieldByPassingValue" time="0.289"/>
  <testcase classname="TestCases.LoanAmountCalculatorUICheck" name="validateLoanAmountLoanTenureMonthButton" time="3.227"/>
  <testcase classname="TestCases.LoanAmountCalculatorUICheck" name="verifyLoanAmountLoanChargesInputFieldPresence" time="0.023"/>
  <testcase classname="TestCases.LoanAmountCalculatorUICheck" name="validateLoanAmountLoanChargesInputFieldByPassingValue" time="0.329"/>
</testsuite> <!-- TestCases.LoanAmountCalculatorUICheck -->
