<?xml version="1.0" encoding="UTF-8"?>
<!-- Generated by org.testng.reporters.JUnitReportReporter -->
<testsuite hostname="LTIN292975" failures="0" tests="39" name="TestCases.CalculateEmiUICheck" time="49.941" errors="0" timestamp="2024-02-01T12:15:09 IST" skipped="0">
  <testcase classname="TestCases.CalculateEmiUICheck" name="clickOnCarLoanLink" time="0.282"/>
  <testcase classname="TestCases.CalculateEmiUICheck" name="setCarAmount" time="0.633"/>
  <testcase classname="TestCases.CalculateEmiUICheck" name="setInterestRate" time="0.671"/>
  <testcase classname="TestCases.CalculateEmiUICheck" name="setLoanTenure" time="0.653"/>
  <testcase classname="TestCases.CalculateEmiUICheck" name="clickOnyear" time="0.145"/>
  <testcase classname="TestCases.CalculateEmiUICheck" name="readData" time="0.103"/>
  <testcase classname="TestCases.CalculateEmiUICheck" name="calculatorsDropDownValidation" time="0.159"/>
  <testcase classname="TestCases.CalculateEmiUICheck" name="homeLoanEmiCalculatorValidation" time="4.178"/>
  <testcase classname="TestCases.CalculateEmiUICheck" name="validateHomeValueInputfield" time="3.320"/>
  <testcase classname="TestCases.CalculateEmiUICheck" name="validateDownPaymentInputFieldInPercentage" time="3.268"/>
  <testcase classname="TestCases.CalculateEmiUICheck" name="validateDownPaymentRupeesButton" time="0.107"/>
  <testcase classname="TestCases.CalculateEmiUICheck" name="validateLoanInsuranceInputField" time="3.260"/>
  <testcase classname="TestCases.CalculateEmiUICheck" name="validateInterestRateInputField" time="0.162"/>
  <testcase classname="TestCases.CalculateEmiUICheck" name="validateLoanTenureInputField" time="0.240"/>
  <testcase classname="TestCases.CalculateEmiUICheck" name="validateLoanTenureMonthsButton" time="0.117"/>
  <testcase classname="TestCases.CalculateEmiUICheck" name="validateLoanChargesInputField" time="4.209"/>
  <testcase classname="TestCases.CalculateEmiUICheck" name="validateLoanChargesRupeesButtonElement" time="0.086"/>
  <testcase classname="TestCases.CalculateEmiUICheck" name="validateLoanStartMonthAndYearField" time="0.108"/>
  <testcase classname="TestCases.CalculateEmiUICheck" name="validateLoanStartMonthAndYearInputField" time="0.514"/>
  <testcase classname="TestCases.CalculateEmiUICheck" name="validateOneTimeExpensesInputField" time="0.107"/>
  <testcase classname="TestCases.CalculateEmiUICheck" name="validateOneTimeExpensesRupeesButton" time="3.153"/>
  <testcase classname="TestCases.CalculateEmiUICheck" name="validatePropertyTaxesPerYearInputField" time="0.121"/>
  <testcase classname="TestCases.CalculateEmiUICheck" name="validatePropertyTaxesPerYearRupeesButton" time="3.141"/>
  <testcase classname="TestCases.CalculateEmiUICheck" name="validateHomeInsurancePerYearInputField" time="0.119"/>
  <testcase classname="TestCases.CalculateEmiUICheck" name="validateHomeInsurancePerYearRupeesButton" time="3.136"/>
  <testcase classname="TestCases.CalculateEmiUICheck" name="validateMaintenanceExpensesPerMonthInputField" time="0.115"/>
  <testcase classname="TestCases.CalculateEmiUICheck" name="printAllTheData" time="8.845"/>
  <testcase classname="TestCases.CalculateEmiUICheck" name="calculatorsDropDownValidationFromHomeLoan" time="0.116"/>
  <testcase classname="TestCases.CalculateEmiUICheck" name="emiCalculatorPageValidation" time="4.193"/>
  <testcase classname="TestCases.CalculateEmiUICheck" name="verifyLoanAmountInputFieldPresence" time="0.045"/>
  <testcase classname="TestCases.CalculateEmiUICheck" name="verifyLoanAmountInputFieldByPassingValue" time="0.373"/>
  <testcase classname="TestCases.CalculateEmiUICheck" name="verifyInterestRateInputFieldPresence" time="0.030"/>
  <testcase classname="TestCases.CalculateEmiUICheck" name="verifyInterestRateInputFieldByPassingValue" time="0.296"/>
  <testcase classname="TestCases.CalculateEmiUICheck" name="verifyLoanTenureInputFieldPresence" time="0.028"/>
  <testcase classname="TestCases.CalculateEmiUICheck" name="verifyLoanTenureInputFieldByPassingValue" time="0.316"/>
  <testcase classname="TestCases.CalculateEmiUICheck" name="verifyLoanTenureScaleChange" time="3.250"/>
  <testcase classname="TestCases.CalculateEmiUICheck" name="validateLoanTenureMonthButton" time="0.024"/>
  <testcase classname="TestCases.CalculateEmiUICheck" name="verifyLoanChargesInputFieldPresence" time="0.030"/>
  <testcase classname="TestCases.CalculateEmiUICheck" name="verifyLoanChargesInputFieldByPassingValue" time="0.288"/>
</testsuite> <!-- TestCases.CalculateEmiUICheck -->
