<?xml version="1.0" encoding="UTF-8"?>
<!-- Generated by org.testng.reporters.JUnitReportReporter -->
<testsuite hostname="LTIN217273" failures="0" tests="57" name="TestCases.LoanTenureCalculatorUICheck" time="81.108" errors="0" timestamp="2024-02-13T10:04:47 IST" skipped="0">
  <testcase classname="TestCases.LoanTenureCalculatorUICheck" name="clickOnCarLoanLink" time="20.964"/>
  <testcase classname="TestCases.LoanTenureCalculatorUICheck" name="setCarAmount" time="0.747"/>
  <testcase classname="TestCases.LoanTenureCalculatorUICheck" name="setInterestRate" time="0.729"/>
  <testcase classname="TestCases.LoanTenureCalculatorUICheck" name="setLoanTenure" time="0.730"/>
  <testcase classname="TestCases.LoanTenureCalculatorUICheck" name="clickOnyear" time="0.259"/>
  <testcase classname="TestCases.LoanTenureCalculatorUICheck" name="readData" time="0.143"/>
  <testcase classname="TestCases.LoanTenureCalculatorUICheck" name="calculatorsDropDownValidation" time="0.183"/>
  <testcase classname="TestCases.LoanTenureCalculatorUICheck" name="homeLoanEmiCalculatorValidation" time="1.307"/>
  <testcase classname="TestCases.LoanTenureCalculatorUICheck" name="validateHomeValueInputfield" time="4.110"/>
  <testcase classname="TestCases.LoanTenureCalculatorUICheck" name="validateDownPaymentInputFieldInPercentage" time="3.607"/>
  <testcase classname="TestCases.LoanTenureCalculatorUICheck" name="validateDownPaymentRupeesButton" time="0.305"/>
  <testcase classname="TestCases.LoanTenureCalculatorUICheck" name="validateLoanInsuranceInputField" time="3.605"/>
  <testcase classname="TestCases.LoanTenureCalculatorUICheck" name="validateInterestRateInputField" time="0.218"/>
  <testcase classname="TestCases.LoanTenureCalculatorUICheck" name="validateLoanTenureInputField" time="0.355"/>
  <testcase classname="TestCases.LoanTenureCalculatorUICheck" name="validateLoanTenureMonthsButton" time="0.338"/>
  <testcase classname="TestCases.LoanTenureCalculatorUICheck" name="validateLoanChargesInputField" time="4.323"/>
  <testcase classname="TestCases.LoanTenureCalculatorUICheck" name="validateLoanChargesRupeesButtonElement" time="0.248"/>
  <testcase classname="TestCases.LoanTenureCalculatorUICheck" name="validateLoanStartMonthAndYearField" time="0.164"/>
  <testcase classname="TestCases.LoanTenureCalculatorUICheck" name="validateLoanStartMonthAndYearInputField" time="0.842"/>
  <testcase classname="TestCases.LoanTenureCalculatorUICheck" name="validateOneTimeExpensesInputField" time="0.225"/>
  <testcase classname="TestCases.LoanTenureCalculatorUICheck" name="validateOneTimeExpensesRupeesButton" time="3.299"/>
  <testcase classname="TestCases.LoanTenureCalculatorUICheck" name="validatePropertyTaxesPerYearInputField" time="0.217"/>
  <testcase classname="TestCases.LoanTenureCalculatorUICheck" name="validatePropertyTaxesPerYearRupeesButton" time="3.295"/>
  <testcase classname="TestCases.LoanTenureCalculatorUICheck" name="validateHomeInsurancePerYearInputField" time="0.188"/>
  <testcase classname="TestCases.LoanTenureCalculatorUICheck" name="validateHomeInsurancePerYearRupeesButton" time="3.259"/>
  <testcase classname="TestCases.LoanTenureCalculatorUICheck" name="validateMaintenanceExpensesPerMonthInputField" time="0.280"/>
  <testcase classname="TestCases.LoanTenureCalculatorUICheck" name="printAllTheData" time="11.602"/>
  <testcase classname="TestCases.LoanTenureCalculatorUICheck" name="calculatorsDropDownValidationFromHomeLoan" time="0.212"/>
  <testcase classname="TestCases.LoanTenureCalculatorUICheck" name="emiCalculatorPageValidation" time="1.022"/>
  <testcase classname="TestCases.LoanTenureCalculatorUICheck" name="validateEmiCalculatorLink" time="0.056"/>
  <testcase classname="TestCases.LoanTenureCalculatorUICheck" name="verifyEmiCalculatorLoanAmountInputFieldPresence" time="0.047"/>
  <testcase classname="TestCases.LoanTenureCalculatorUICheck" name="validateEmiCalculatorLoanAmountInputFieldByPassingValue" time="0.514"/>
  <testcase classname="TestCases.LoanTenureCalculatorUICheck" name="verifyEmiCalculatorInterestRateInputFieldPresence" time="0.055"/>
  <testcase classname="TestCases.LoanTenureCalculatorUICheck" name="validateEmiCalculatorInterestRateInputFieldByPassingValue" time="0.513"/>
  <testcase classname="TestCases.LoanTenureCalculatorUICheck" name="verifyEmiCalculatorLoanTenureInputFieldPresence" time="0.056"/>
  <testcase classname="TestCases.LoanTenureCalculatorUICheck" name="validateEmiCalculatorLoanTenureInputFieldByPassingValue" time="0.667"/>
  <testcase classname="TestCases.LoanTenureCalculatorUICheck" name="validateEmiCalculatorLoanTenureMonthButton" time="3.485"/>
  <testcase classname="TestCases.LoanTenureCalculatorUICheck" name="verifyEmiCalculatorLoanChargesInputFieldPresence" time="0.042"/>
  <testcase classname="TestCases.LoanTenureCalculatorUICheck" name="validateEmiCalculatorLoanChargesInputFieldByPassingValue" time="0.553"/>
  <testcase classname="TestCases.LoanTenureCalculatorUICheck" name="validateLoanAmountCalculatorLink" time="0.406"/>
  <testcase classname="TestCases.LoanTenureCalculatorUICheck" name="verifyEmiInputFieldPresence" time="0.097"/>
  <testcase classname="TestCases.LoanTenureCalculatorUICheck" name="verifyEmiInputFieldByPassingValue" time="0.643"/>
  <testcase classname="TestCases.LoanTenureCalculatorUICheck" name="verifyLoanAmountInterestRateInputFieldPresence" time="0.058"/>
  <testcase classname="TestCases.LoanTenureCalculatorUICheck" name="validateLoanAmountInterestRateInputFieldByPassingValue" time="0.617"/>
  <testcase classname="TestCases.LoanTenureCalculatorUICheck" name="verifyLoanAmountTenureInputFieldPresence" time="0.044"/>
  <testcase classname="TestCases.LoanTenureCalculatorUICheck" name="validateLoanAmountTenureInputFieldByPassingValue" time="0.447"/>
  <testcase classname="TestCases.LoanTenureCalculatorUICheck" name="validateLoanAmountLoanTenureMonthButton" time="3.375"/>
  <testcase classname="TestCases.LoanTenureCalculatorUICheck" name="verifyLoanAmountLoanChargesInputFieldPresence" time="0.034"/>
  <testcase classname="TestCases.LoanTenureCalculatorUICheck" name="validateLoanAmountLoanChargesInputFieldByPassingValue" time="0.493"/>
  <testcase classname="TestCases.LoanTenureCalculatorUICheck" name="validateLoanTenureCalculatorLink" time="0.278"/>
  <testcase classname="TestCases.LoanTenureCalculatorUICheck" name="verifyLoanTenureLoanAmountInputFieldPresence" time="0.044"/>
  <testcase classname="TestCases.LoanTenureCalculatorUICheck" name="validateLoanTenureLoanAmountInputFieldByPassingValue" time="0.540"/>
  <testcase classname="TestCases.LoanTenureCalculatorUICheck" name="verifyLoanTenureEmiInputFieldPresence" time="0.046"/>
  <testcase classname="TestCases.LoanTenureCalculatorUICheck" name="verifyLoanTenureInterestRateInputFieldPresence" time="0.041"/>
  <testcase classname="TestCases.LoanTenureCalculatorUICheck" name="validateLoanTenureInterestRateInputFieldByPassingValue" time="0.623"/>
  <testcase classname="TestCases.LoanTenureCalculatorUICheck" name="verifyLoanTenuteLoanChargesInputFieldPresence" time="0.041"/>
  <testcase classname="TestCases.LoanTenureCalculatorUICheck" name="validateLoanTenureLoanChargesInputFieldByValue" time="0.517"/>
</testsuite> <!-- TestCases.LoanTenureCalculatorUICheck -->
